<?xml version="1.0" encoding="UTF-8"?>
<testng-results ignored="0" total="2" passed="2" failed="0" skipped="0">
  <reporter-output>
  </reporter-output>
  <suite started-at="2024-07-02T11:43:00Z" name="Default suite" finished-at="2024-07-02T11:43:00Z" duration-ms="45">
    <groups>
    </groups>
    <test started-at="2024-07-02T11:43:00Z" name="Default test" finished-at="2024-07-02T11:43:00Z" duration-ms="45">
      <class name="pack1.ContactTest">
        <test-method signature="createcontactTest()[pri:0, instance:pack1.ContactTest@59402b8f]" started-at="2024-07-02T11:43:00Z" name="createcontactTest" finished-at="2024-07-02T11:43:00Z" duration-ms="11" status="PASS">
          <reporter-output>
          </reporter-output>
        </test-method> <!-- createcontactTest -->
        <test-method signature="modifycontactTest()[pri:0, instance:pack1.ContactTest@59402b8f]" started-at="2024-07-02T11:43:00Z" name="modifycontactTest" finished-at="2024-07-02T11:43:00Z" duration-ms="7" status="PASS">
          <reporter-output>
          </reporter-output>
        </test-method> <!-- modifycontactTest -->
      </class> <!-- pack1.ContactTest -->
    </test> <!-- Default test -->
  </suite> <!-- Default suite -->
</testng-results>
