<?xml version="1.0" encoding="UTF-8"?>
<testng-results ignored="1" total="2" passed="1" failed="0" skipped="0">
  <reporter-output>
  </reporter-output>
  <suite started-at="2024-06-25T05:29:08Z" name="Default suite" finished-at="2024-06-25T05:29:08Z" duration-ms="38">
    <groups>
    </groups>
    <test started-at="2024-06-25T05:29:08Z" name="Default test" finished-at="2024-06-25T05:29:08Z" duration-ms="38">
      <class name="pack1.ContactTest">
        <test-method signature="createcontactTest()[pri:0, instance:pack1.ContactTest@4082ba93]" started-at="2024-06-25T05:29:08Z" name="createcontactTest" finished-at="2024-06-25T05:29:08Z" duration-ms="13" status="PASS">
          <reporter-output>
          </reporter-output>
        </test-method> <!-- createcontactTest -->
      </class> <!-- pack1.ContactTest -->
    </test> <!-- Default test -->
  </suite> <!-- Default suite -->
</testng-results>
