<?xml version="1.0" encoding="UTF-8"?>
<!-- Generated by org.testng.reporters.JUnitXMLReporter -->
<testsuite ignored="1" hostname="LAPTOP-704UC4MD" failures="0" tests="1" name="Default test" time="0.038" errors="0" timestamp="25 Jun 2024 05:29:08 GMT">
  <testcase classname="pack1.ContactTest" name="createcontactTest" time="0.013"/>
  <testcase classname="pack1.ContactTest" name="modifycontactTest" time="0.0">
    <ignored/>
  </testcase> <!-- modifycontactTest -->
</testsuite> <!-- Default test -->
